Build profile: -w ghc-9.10.3 -O1
In order, the following will be built (use -v for more details):
 - h-rich-0.1.0.0 (exe:h-rich-demo) (file demo/Main.hs changed)
Preprocessing executable 'h-rich-demo' for h-rich-0.1.0.0...
Building executable 'h-rich-demo' for h-rich-0.1.0.0...
[1 of 1] Compiling Main             ( demo/Main.hs, /home/jhhuh/Sync/proj/h-rich/h-rich/dist-newstyle/build/x86_64-linux/ghc-9.10.3/h-rich-0.1.0.0/x/h-rich-demo/build/h-rich-demo/h-rich-demo-tmp/Main.o ) [Source file changed]
demo/Main.hs:12:1: warning: [GHC-66111] [-Wunused-imports]
    The qualified import of ‘HRich.Segment’ is redundant
      except perhaps to import instances from ‘HRich.Segment’
    To import instances alone, use: import HRich.Segment()
   |
12 | import qualified HRich.Segment as Segment
   | ^^^^^^^^^^^^^^^^^^^^^^^^^^^^^^^^^^^^^^^^^

demo/Main.hs:14:31: warning: [GHC-38856] [-Wunused-imports]
    The import of ‘id, return’ from module ‘Prelude’ is redundant
   |
14 | import Prelude (IO, ($), (.), id, return)
   |                               ^^^^^^^^^^

[2 of 2] Linking /home/jhhuh/Sync/proj/h-rich/h-rich/dist-newstyle/build/x86_64-linux/ghc-9.10.3/h-rich-0.1.0.0/x/h-rich-demo/build/h-rich-demo/h-rich-demo [Objects changed]
╭──────────────────────────────────────────────────────────────────────────────╮
│[38;2;255;255;255;44;1m [0m[38;2;255;255;255;44;1mh-rich[0m[38;2;255;255;255;44;1m [0m                                                                      │
╰──────────────────────────────────────────────────────────────────────────────╯
╭──────────────────────────────────────────────────────────────────────────────╮
│A Haskell port of the [38;2;255;0;255;1mRich[0m library for Python.                                │
│Supports [38;2;0;128;0mcolors[0m, [3mstyles[0m, tables, progress bars, and more.                     │
╰──────────────────────────────────────────────────────────────────────────────╯
╭─────────────────────────────────────╮ ╭─────────────────────────────────────╮
│[38;2;255;255;0mStyles[0m[38;2;255;255;0m [0m[38;2;255;255;0m&[0m[38;2;255;255;0m [0m[38;2;255;255;0mColors[0m                      │ │[36mLayouts[0m                              │
│                                     │ │                                     │
│See the panel below.                 │ │Responsive grids.                    │
╰─────────────────────────────────────╯ ╰─────────────────────────────────────╯
╭──────────────────────────────────────────────────────────────────────────────╮
│╭────────────────────────────────────╮ ╭────────────────────────────────────╮ │
││[1mBold[0m                                │ │[38;2;255;0;0mRed[0m [38;2;0;128;0mGreen[0m [34mBlue[0m                      │ │
││[3mItalic[0m                              │ │[38;2;255;255;0mYellow[0m [38;2;255;0;255mMagenta[0m [36mCyan[0m                 │ │
││[4mUnderline[0m                           │ │TrueColor Orange                    │ │
││[9mStrike[0m                              │ ╰────────────────────────────────────╯ │
│╰────────────────────────────────────╯                                        │
╰──────────────────────────────────────────────────────────────────────────────╯
╭─────────────────────────┬─────────────────────────┬─────────────────────────╮
│Title                    │Year                     │Revenue                  │
├─────────────────────────┼─────────────────────────┼─────────────────────────┤
│Return of the Jedi       │1983                     │$475M                    │
├─────────────────────────┼─────────────────────────┼─────────────────────────┤
│The Empire Strikes Back  │1980                     │$538M                    │
├─────────────────────────┼─────────────────────────┼─────────────────────────┤
│Star Wars: A New Hope    │1977                     │$775M                    │
╰─────────────────────────┴─────────────────────────┴─────────────────────────╯

[1mTree[0m[1m [0m[1mView:[0m
[1mRoot[0m
h-rich-demo: Prelude.undefined
CallStack (from HasCallStack):
  undefined, called at src/HRich/Tree.hs:102:21 in h-rich-0.1.0.0-inplace:HRich.Tree
HasCallStack backtrace:
  collectBacktraces, called at libraries/ghc-internal/src/GHC/Internal/Exception.hs:169:13 in ghc-internal:GHC.Internal.Exception
  toExceptionWithBacktrace, called at libraries/ghc-internal/src/GHC/Internal/Exception.hs:204:5 in ghc-internal:GHC.Internal.Exception
  undefined, called at src/HRich/Tree.hs:102:21 in h-rich-0.1.0.0-inplace:HRich.Tree


